The system is: Linux - 4.15.0-47-generic - x86_64
Compiling the C compiler identification source file "CMakeCCompilerId.c" succeeded.
Compiler: /home/ardigen/anaconda3/envs/tf_gpu/bin/x86_64-conda_cos6-linux-gnu-cc 
Build flags: -march=nocona;-mtune=haswell;-ftree-vectorize;-fPIC;-fstack-protector-strong;-fno-plt;-O2;-pipe;
Id flags: 

The output was:
0


Compilation of the C compiler identification source "CMakeCCompilerId.c" produced "a.out"

The C compiler identification is GNU, found in "/home/ardigen/Documents/gpu/CMakeFiles/3.5.1/CompilerIdC/a.out"

Compiling the CXX compiler identification source file "CMakeCXXCompilerId.cpp" succeeded.
Compiler: /home/ardigen/anaconda3/envs/tf_gpu/bin/x86_64-conda_cos6-linux-gnu-c++ 
Build flags: -fvisibility-inlines-hidden;-std=c++17;-fmessage-length=0;-march=nocona;-mtune=haswell;-ftree-vectorize;-fPIC;-fstack-protector-strong;-fno-plt;-O2;-pipe;
Id flags: 

The output was:
0


Compilation of the CXX compiler identification source "CMakeCXXCompilerId.cpp" produced "a.out"

The CXX compiler identification is GNU, found in "/home/ardigen/Documents/gpu/CMakeFiles/3.5.1/CompilerIdCXX/a.out"

Determining if the C compiler works passed with the following output:
Change Dir: /home/ardigen/Documents/gpu/CMakeFiles/CMakeTmp

Run Build Command:"/home/ardigen/anaconda3/envs/tf_gpu/bin/make" "cmTC_1dad9/fast"
/home/ardigen/anaconda3/envs/tf_gpu/bin/make -f CMakeFiles/cmTC_1dad9.dir/build.make CMakeFiles/cmTC_1dad9.dir/build
make[1]: Entering directory '/home/ardigen/Documents/gpu/CMakeFiles/CMakeTmp'
Building C object CMakeFiles/cmTC_1dad9.dir/testCCompiler.c.o
/home/ardigen/anaconda3/envs/tf_gpu/bin/x86_64-conda_cos6-linux-gnu-cc    -march=nocona -mtune=haswell -ftree-vectorize -fPIC -fstack-protector-strong -fno-plt -O2 -pipe     -o CMakeFiles/cmTC_1dad9.dir/testCCompiler.c.o   -c /home/ardigen/Documents/gpu/CMakeFiles/CMakeTmp/testCCompiler.c
Linking C executable cmTC_1dad9
/usr/bin/cmake -E cmake_link_script CMakeFiles/cmTC_1dad9.dir/link.txt --verbose=1
/home/ardigen/anaconda3/envs/tf_gpu/bin/x86_64-conda_cos6-linux-gnu-cc  -march=nocona -mtune=haswell -ftree-vectorize -fPIC -fstack-protector-strong -fno-plt -O2 -pipe     -Wl,-O2 -Wl,--sort-common -Wl,--as-needed -Wl,-z,relro -Wl,-z,now -Wl,--disable-new-dtags  CMakeFiles/cmTC_1dad9.dir/testCCompiler.c.o  -o cmTC_1dad9 -rdynamic 
make[1]: Leaving directory '/home/ardigen/Documents/gpu/CMakeFiles/CMakeTmp'


Detecting C compiler ABI info compiled with the following output:
Change Dir: /home/ardigen/Documents/gpu/CMakeFiles/CMakeTmp

Run Build Command:"/home/ardigen/anaconda3/envs/tf_gpu/bin/make" "cmTC_63ee5/fast"
/home/ardigen/anaconda3/envs/tf_gpu/bin/make -f CMakeFiles/cmTC_63ee5.dir/build.make CMakeFiles/cmTC_63ee5.dir/build
make[1]: Entering directory '/home/ardigen/Documents/gpu/CMakeFiles/CMakeTmp'
Building C object CMakeFiles/cmTC_63ee5.dir/CMakeCCompilerABI.c.o
/home/ardigen/anaconda3/envs/tf_gpu/bin/x86_64-conda_cos6-linux-gnu-cc    -march=nocona -mtune=haswell -ftree-vectorize -fPIC -fstack-protector-strong -fno-plt -O2 -pipe     -o CMakeFiles/cmTC_63ee5.dir/CMakeCCompilerABI.c.o   -c /usr/share/cmake-3.5/Modules/CMakeCCompilerABI.c
Linking C executable cmTC_63ee5
/usr/bin/cmake -E cmake_link_script CMakeFiles/cmTC_63ee5.dir/link.txt --verbose=1
/home/ardigen/anaconda3/envs/tf_gpu/bin/x86_64-conda_cos6-linux-gnu-cc  -march=nocona -mtune=haswell -ftree-vectorize -fPIC -fstack-protector-strong -fno-plt -O2 -pipe     -Wl,-O2 -Wl,--sort-common -Wl,--as-needed -Wl,-z,relro -Wl,-z,now -Wl,--disable-new-dtags -v CMakeFiles/cmTC_63ee5.dir/CMakeCCompilerABI.c.o  -o cmTC_63ee5 -rdynamic  
Reading specs from /home/ardigen/anaconda3/envs/tf_gpu/bin/../lib/gcc/x86_64-conda_cos6-linux-gnu/7.3.0/specs
COLLECT_GCC=/home/ardigen/anaconda3/envs/tf_gpu/bin/x86_64-conda_cos6-linux-gnu-cc
COLLECT_LTO_WRAPPER=/home/ardigen/anaconda3/envs/tf_gpu/bin/../libexec/gcc/x86_64-conda_cos6-linux-gnu/7.3.0/lto-wrapper
Target: x86_64-conda_cos6-linux-gnu
Configured with: /home/rdonnelly/mc/conda-bld/compilers_linux-64_1534865402226/work/.build/x86_64-conda_cos6-linux-gnu/src/gcc/configure --build=x86_64-build_pc-linux-gnu --host=x86_64-build_pc-linux-gnu --target=x86_64-conda_cos6-linux-gnu --prefix=/home/rdonnelly/mc/conda-bld/compilers_linux-64_1534865402226/work/gcc_built --with-sysroot=/home/rdonnelly/mc/conda-bld/compilers_linux-64_1534865402226/work/gcc_built/x86_64-conda_cos6-linux-gnu/sysroot --enable-languages=c,c++,fortran,objc,obj-c++ --with-pkgversion='crosstool-NG 1.23.0.449-a04d0' --enable-__cxa_atexit --disable-libmudflap --enable-libgomp --disable-libssp --enable-libquadmath --enable-libquadmath-support --enable-libsanitizer --enable-libmpx --with-gmp=/home/rdonnelly/mc/conda-bld/compilers_linux-64_1534865402226/work/.build/x86_64-conda_cos6-linux-gnu/buildtools --with-mpfr=/home/rdonnelly/mc/conda-bld/compilers_linux-64_1534865402226/work/.build/x86_64-conda_cos6-linux-gnu/buildtools --with-mpc=/home/rdonnelly/mc/conda-bld/compilers_linux-64_1534865402226/work/.build/x86_64-conda_cos6-linux-gnu/buildtools --with-isl=/home/rdonnelly/mc/conda-bld/compilers_linux-64_1534865402226/work/.build/x86_64-conda_cos6-linux-gnu/buildtools --enable-lto --enable-threads=posix --enable-target-optspace --enable-plugin --enable-gold --disable-nls --disable-multilib --with-local-prefix=/home/rdonnelly/mc/conda-bld/compilers_linux-64_1534865402226/work/gcc_built/x86_64-conda_cos6-linux-gnu/sysroot --enable-long-long --enable-default-pie
Thread model: posix
gcc version 7.3.0 (crosstool-NG 1.23.0.449-a04d0) 
COMPILER_PATH=/home/ardigen/anaconda3/envs/tf_gpu/bin/../libexec/gcc/x86_64-conda_cos6-linux-gnu/7.3.0/:/home/ardigen/anaconda3/envs/tf_gpu/bin/../libexec/gcc/:/home/ardigen/anaconda3/envs/tf_gpu/bin/../lib/gcc/x86_64-conda_cos6-linux-gnu/7.3.0/../../../../x86_64-conda_cos6-linux-gnu/bin/
LIBRARY_PATH=/home/ardigen/anaconda3/envs/tf_gpu/bin/../lib/gcc/x86_64-conda_cos6-linux-gnu/7.3.0/:/home/ardigen/anaconda3/envs/tf_gpu/bin/../lib/gcc/:/home/ardigen/anaconda3/envs/tf_gpu/bin/../lib/gcc/x86_64-conda_cos6-linux-gnu/7.3.0/../../../../x86_64-conda_cos6-linux-gnu/lib/../lib/:/home/ardigen/anaconda3/envs/tf_gpu/bin/../x86_64-conda_cos6-linux-gnu/sysroot/lib/../lib/:/home/ardigen/anaconda3/envs/tf_gpu/bin/../x86_64-conda_cos6-linux-gnu/sysroot/usr/lib/../lib/:/home/ardigen/anaconda3/envs/tf_gpu/bin/../lib/gcc/x86_64-conda_cos6-linux-gnu/7.3.0/../../../../x86_64-conda_cos6-linux-gnu/lib/:/home/ardigen/anaconda3/envs/tf_gpu/bin/../x86_64-conda_cos6-linux-gnu/sysroot/lib/:/home/ardigen/anaconda3/envs/tf_gpu/bin/../x86_64-conda_cos6-linux-gnu/sysroot/usr/lib/
COLLECT_GCC_OPTIONS='-march=nocona' '-mtune=haswell' '-ftree-vectorize' '-fPIC' '-fstack-protector-strong' '-fno-plt' '-O2' '-pipe' '-v' '-o' 'cmTC_63ee5' '-rdynamic'
 /home/ardigen/anaconda3/envs/tf_gpu/bin/../libexec/gcc/x86_64-conda_cos6-linux-gnu/7.3.0/collect2 -plugin /home/ardigen/anaconda3/envs/tf_gpu/bin/../libexec/gcc/x86_64-conda_cos6-linux-gnu/7.3.0/liblto_plugin.so -plugin-opt=/home/ardigen/anaconda3/envs/tf_gpu/bin/../libexec/gcc/x86_64-conda_cos6-linux-gnu/7.3.0/lto-wrapper -plugin-opt=-fresolution=/tmp/ccAfPo4h.res -plugin-opt=-pass-through=-lgcc -plugin-opt=-pass-through=-lgcc_s -plugin-opt=-pass-through=-lc -plugin-opt=-pass-through=-lgcc -plugin-opt=-pass-through=-lgcc_s --sysroot=/home/ardigen/anaconda3/envs/tf_gpu/bin/../x86_64-conda_cos6-linux-gnu/sysroot --eh-frame-hdr -m elf_x86_64 -export-dynamic -dynamic-linker /lib64/ld-linux-x86-64.so.2 -pie -o cmTC_63ee5 /home/ardigen/anaconda3/envs/tf_gpu/bin/../x86_64-conda_cos6-linux-gnu/sysroot/usr/lib/../lib/Scrt1.o /home/ardigen/anaconda3/envs/tf_gpu/bin/../x86_64-conda_cos6-linux-gnu/sysroot/usr/lib/../lib/crti.o /home/ardigen/anaconda3/envs/tf_gpu/bin/../lib/gcc/x86_64-conda_cos6-linux-gnu/7.3.0/crtbeginS.o -L/home/ardigen/anaconda3/envs/tf_gpu/bin/../lib/gcc/x86_64-conda_cos6-linux-gnu/7.3.0 -L/home/ardigen/anaconda3/envs/tf_gpu/bin/../lib/gcc -L/home/ardigen/anaconda3/envs/tf_gpu/bin/../lib/gcc/x86_64-conda_cos6-linux-gnu/7.3.0/../../../../x86_64-conda_cos6-linux-gnu/lib/../lib -L/home/ardigen/anaconda3/envs/tf_gpu/bin/../x86_64-conda_cos6-linux-gnu/sysroot/lib/../lib -L/home/ardigen/anaconda3/envs/tf_gpu/bin/../x86_64-conda_cos6-linux-gnu/sysroot/usr/lib/../lib -L/home/ardigen/anaconda3/envs/tf_gpu/bin/../lib/gcc/x86_64-conda_cos6-linux-gnu/7.3.0/../../../../x86_64-conda_cos6-linux-gnu/lib -L/home/ardigen/anaconda3/envs/tf_gpu/bin/../x86_64-conda_cos6-linux-gnu/sysroot/lib -L/home/ardigen/anaconda3/envs/tf_gpu/bin/../x86_64-conda_cos6-linux-gnu/sysroot/usr/lib -rpath /home/ardigen/anaconda3/envs/tf_gpu/lib -O2 --sort-common --as-needed -z relro -z now --disable-new-dtags CMakeFiles/cmTC_63ee5.dir/CMakeCCompilerABI.c.o -lgcc --as-needed -lgcc_s --no-as-needed -lc -lgcc --as-needed -lgcc_s --no-as-needed /home/ardigen/anaconda3/envs/tf_gpu/bin/../lib/gcc/x86_64-conda_cos6-linux-gnu/7.3.0/crtendS.o /home/ardigen/anaconda3/envs/tf_gpu/bin/../x86_64-conda_cos6-linux-gnu/sysroot/usr/lib/../lib/crtn.o
COLLECT_GCC_OPTIONS='-march=nocona' '-mtune=haswell' '-ftree-vectorize' '-fPIC' '-fstack-protector-strong' '-fno-plt' '-O2' '-pipe' '-v' '-o' 'cmTC_63ee5' '-rdynamic'
make[1]: Leaving directory '/home/ardigen/Documents/gpu/CMakeFiles/CMakeTmp'


Parsed C implicit link information from above output:
  link line regex: [^( *|.*[/\])(ld|([^/\]+-)?ld|collect2)[^/\]*( |$)]
  ignore line: [Change Dir: /home/ardigen/Documents/gpu/CMakeFiles/CMakeTmp]
  ignore line: []
  ignore line: [Run Build Command:"/home/ardigen/anaconda3/envs/tf_gpu/bin/make" "cmTC_63ee5/fast"]
  ignore line: [/home/ardigen/anaconda3/envs/tf_gpu/bin/make -f CMakeFiles/cmTC_63ee5.dir/build.make CMakeFiles/cmTC_63ee5.dir/build]
  ignore line: [make[1]: Entering directory '/home/ardigen/Documents/gpu/CMakeFiles/CMakeTmp']
  ignore line: [Building C object CMakeFiles/cmTC_63ee5.dir/CMakeCCompilerABI.c.o]
  ignore line: [/home/ardigen/anaconda3/envs/tf_gpu/bin/x86_64-conda_cos6-linux-gnu-cc    -march=nocona -mtune=haswell -ftree-vectorize -fPIC -fstack-protector-strong -fno-plt -O2 -pipe     -o CMakeFiles/cmTC_63ee5.dir/CMakeCCompilerABI.c.o   -c /usr/share/cmake-3.5/Modules/CMakeCCompilerABI.c]
  ignore line: [Linking C executable cmTC_63ee5]
  ignore line: [/usr/bin/cmake -E cmake_link_script CMakeFiles/cmTC_63ee5.dir/link.txt --verbose=1]
  ignore line: [/home/ardigen/anaconda3/envs/tf_gpu/bin/x86_64-conda_cos6-linux-gnu-cc  -march=nocona -mtune=haswell -ftree-vectorize -fPIC -fstack-protector-strong -fno-plt -O2 -pipe     -Wl,-O2 -Wl,--sort-common -Wl,--as-needed -Wl,-z,relro -Wl,-z,now -Wl,--disable-new-dtags -v CMakeFiles/cmTC_63ee5.dir/CMakeCCompilerABI.c.o  -o cmTC_63ee5 -rdynamic  ]
  ignore line: [Reading specs from /home/ardigen/anaconda3/envs/tf_gpu/bin/../lib/gcc/x86_64-conda_cos6-linux-gnu/7.3.0/specs]
  ignore line: [COLLECT_GCC=/home/ardigen/anaconda3/envs/tf_gpu/bin/x86_64-conda_cos6-linux-gnu-cc]
  ignore line: [COLLECT_LTO_WRAPPER=/home/ardigen/anaconda3/envs/tf_gpu/bin/../libexec/gcc/x86_64-conda_cos6-linux-gnu/7.3.0/lto-wrapper]
  ignore line: [Target: x86_64-conda_cos6-linux-gnu]
  ignore line: [Configured with: /home/rdonnelly/mc/conda-bld/compilers_linux-64_1534865402226/work/.build/x86_64-conda_cos6-linux-gnu/src/gcc/configure --build=x86_64-build_pc-linux-gnu --host=x86_64-build_pc-linux-gnu --target=x86_64-conda_cos6-linux-gnu --prefix=/home/rdonnelly/mc/conda-bld/compilers_linux-64_1534865402226/work/gcc_built --with-sysroot=/home/rdonnelly/mc/conda-bld/compilers_linux-64_1534865402226/work/gcc_built/x86_64-conda_cos6-linux-gnu/sysroot --enable-languages=c,c++,fortran,objc,obj-c++ --with-pkgversion='crosstool-NG 1.23.0.449-a04d0' --enable-__cxa_atexit --disable-libmudflap --enable-libgomp --disable-libssp --enable-libquadmath --enable-libquadmath-support --enable-libsanitizer --enable-libmpx --with-gmp=/home/rdonnelly/mc/conda-bld/compilers_linux-64_1534865402226/work/.build/x86_64-conda_cos6-linux-gnu/buildtools --with-mpfr=/home/rdonnelly/mc/conda-bld/compilers_linux-64_1534865402226/work/.build/x86_64-conda_cos6-linux-gnu/buildtools --with-mpc=/home/rdonnelly/mc/conda-bld/compilers_linux-64_1534865402226/work/.build/x86_64-conda_cos6-linux-gnu/buildtools --with-isl=/home/rdonnelly/mc/conda-bld/compilers_linux-64_1534865402226/work/.build/x86_64-conda_cos6-linux-gnu/buildtools --enable-lto --enable-threads=posix --enable-target-optspace --enable-plugin --enable-gold --disable-nls --disable-multilib --with-local-prefix=/home/rdonnelly/mc/conda-bld/compilers_linux-64_1534865402226/work/gcc_built/x86_64-conda_cos6-linux-gnu/sysroot --enable-long-long --enable-default-pie]
  ignore line: [Thread model: posix]
  ignore line: [gcc version 7.3.0 (crosstool-NG 1.23.0.449-a04d0) ]
  ignore line: [COMPILER_PATH=/home/ardigen/anaconda3/envs/tf_gpu/bin/../libexec/gcc/x86_64-conda_cos6-linux-gnu/7.3.0/:/home/ardigen/anaconda3/envs/tf_gpu/bin/../libexec/gcc/:/home/ardigen/anaconda3/envs/tf_gpu/bin/../lib/gcc/x86_64-conda_cos6-linux-gnu/7.3.0/../../../../x86_64-conda_cos6-linux-gnu/bin/]
  ignore line: [LIBRARY_PATH=/home/ardigen/anaconda3/envs/tf_gpu/bin/../lib/gcc/x86_64-conda_cos6-linux-gnu/7.3.0/:/home/ardigen/anaconda3/envs/tf_gpu/bin/../lib/gcc/:/home/ardigen/anaconda3/envs/tf_gpu/bin/../lib/gcc/x86_64-conda_cos6-linux-gnu/7.3.0/../../../../x86_64-conda_cos6-linux-gnu/lib/../lib/:/home/ardigen/anaconda3/envs/tf_gpu/bin/../x86_64-conda_cos6-linux-gnu/sysroot/lib/../lib/:/home/ardigen/anaconda3/envs/tf_gpu/bin/../x86_64-conda_cos6-linux-gnu/sysroot/usr/lib/../lib/:/home/ardigen/anaconda3/envs/tf_gpu/bin/../lib/gcc/x86_64-conda_cos6-linux-gnu/7.3.0/../../../../x86_64-conda_cos6-linux-gnu/lib/:/home/ardigen/anaconda3/envs/tf_gpu/bin/../x86_64-conda_cos6-linux-gnu/sysroot/lib/:/home/ardigen/anaconda3/envs/tf_gpu/bin/../x86_64-conda_cos6-linux-gnu/sysroot/usr/lib/]
  ignore line: [COLLECT_GCC_OPTIONS='-march=nocona' '-mtune=haswell' '-ftree-vectorize' '-fPIC' '-fstack-protector-strong' '-fno-plt' '-O2' '-pipe' '-v' '-o' 'cmTC_63ee5' '-rdynamic']
  link line: [ /home/ardigen/anaconda3/envs/tf_gpu/bin/../libexec/gcc/x86_64-conda_cos6-linux-gnu/7.3.0/collect2 -plugin /home/ardigen/anaconda3/envs/tf_gpu/bin/../libexec/gcc/x86_64-conda_cos6-linux-gnu/7.3.0/liblto_plugin.so -plugin-opt=/home/ardigen/anaconda3/envs/tf_gpu/bin/../libexec/gcc/x86_64-conda_cos6-linux-gnu/7.3.0/lto-wrapper -plugin-opt=-fresolution=/tmp/ccAfPo4h.res -plugin-opt=-pass-through=-lgcc -plugin-opt=-pass-through=-lgcc_s -plugin-opt=-pass-through=-lc -plugin-opt=-pass-through=-lgcc -plugin-opt=-pass-through=-lgcc_s --sysroot=/home/ardigen/anaconda3/envs/tf_gpu/bin/../x86_64-conda_cos6-linux-gnu/sysroot --eh-frame-hdr -m elf_x86_64 -export-dynamic -dynamic-linker /lib64/ld-linux-x86-64.so.2 -pie -o cmTC_63ee5 /home/ardigen/anaconda3/envs/tf_gpu/bin/../x86_64-conda_cos6-linux-gnu/sysroot/usr/lib/../lib/Scrt1.o /home/ardigen/anaconda3/envs/tf_gpu/bin/../x86_64-conda_cos6-linux-gnu/sysroot/usr/lib/../lib/crti.o /home/ardigen/anaconda3/envs/tf_gpu/bin/../lib/gcc/x86_64-conda_cos6-linux-gnu/7.3.0/crtbeginS.o -L/home/ardigen/anaconda3/envs/tf_gpu/bin/../lib/gcc/x86_64-conda_cos6-linux-gnu/7.3.0 -L/home/ardigen/anaconda3/envs/tf_gpu/bin/../lib/gcc -L/home/ardigen/anaconda3/envs/tf_gpu/bin/../lib/gcc/x86_64-conda_cos6-linux-gnu/7.3.0/../../../../x86_64-conda_cos6-linux-gnu/lib/../lib -L/home/ardigen/anaconda3/envs/tf_gpu/bin/../x86_64-conda_cos6-linux-gnu/sysroot/lib/../lib -L/home/ardigen/anaconda3/envs/tf_gpu/bin/../x86_64-conda_cos6-linux-gnu/sysroot/usr/lib/../lib -L/home/ardigen/anaconda3/envs/tf_gpu/bin/../lib/gcc/x86_64-conda_cos6-linux-gnu/7.3.0/../../../../x86_64-conda_cos6-linux-gnu/lib -L/home/ardigen/anaconda3/envs/tf_gpu/bin/../x86_64-conda_cos6-linux-gnu/sysroot/lib -L/home/ardigen/anaconda3/envs/tf_gpu/bin/../x86_64-conda_cos6-linux-gnu/sysroot/usr/lib -rpath /home/ardigen/anaconda3/envs/tf_gpu/lib -O2 --sort-common --as-needed -z relro -z now --disable-new-dtags CMakeFiles/cmTC_63ee5.dir/CMakeCCompilerABI.c.o -lgcc --as-needed -lgcc_s --no-as-needed -lc -lgcc --as-needed -lgcc_s --no-as-needed /home/ardigen/anaconda3/envs/tf_gpu/bin/../lib/gcc/x86_64-conda_cos6-linux-gnu/7.3.0/crtendS.o /home/ardigen/anaconda3/envs/tf_gpu/bin/../x86_64-conda_cos6-linux-gnu/sysroot/usr/lib/../lib/crtn.o]
    arg [/home/ardigen/anaconda3/envs/tf_gpu/bin/../libexec/gcc/x86_64-conda_cos6-linux-gnu/7.3.0/collect2] ==> ignore
    arg [-plugin] ==> ignore
    arg [/home/ardigen/anaconda3/envs/tf_gpu/bin/../libexec/gcc/x86_64-conda_cos6-linux-gnu/7.3.0/liblto_plugin.so] ==> ignore
    arg [-plugin-opt=/home/ardigen/anaconda3/envs/tf_gpu/bin/../libexec/gcc/x86_64-conda_cos6-linux-gnu/7.3.0/lto-wrapper] ==> ignore
    arg [-plugin-opt=-fresolution=/tmp/ccAfPo4h.res] ==> ignore
    arg [-plugin-opt=-pass-through=-lgcc] ==> ignore
    arg [-plugin-opt=-pass-through=-lgcc_s] ==> ignore
    arg [-plugin-opt=-pass-through=-lc] ==> ignore
    arg [-plugin-opt=-pass-through=-lgcc] ==> ignore
    arg [-plugin-opt=-pass-through=-lgcc_s] ==> ignore
    arg [--sysroot=/home/ardigen/anaconda3/envs/tf_gpu/bin/../x86_64-conda_cos6-linux-gnu/sysroot] ==> ignore
    arg [--eh-frame-hdr] ==> ignore
    arg [-m] ==> ignore
    arg [elf_x86_64] ==> ignore
    arg [-export-dynamic] ==> ignore
    arg [-dynamic-linker] ==> ignore
    arg [/lib64/ld-linux-x86-64.so.2] ==> ignore
    arg [-pie] ==> ignore
    arg [-o] ==> ignore
    arg [cmTC_63ee5] ==> ignore
    arg [/home/ardigen/anaconda3/envs/tf_gpu/bin/../x86_64-conda_cos6-linux-gnu/sysroot/usr/lib/../lib/Scrt1.o] ==> ignore
    arg [/home/ardigen/anaconda3/envs/tf_gpu/bin/../x86_64-conda_cos6-linux-gnu/sysroot/usr/lib/../lib/crti.o] ==> ignore
    arg [/home/ardigen/anaconda3/envs/tf_gpu/bin/../lib/gcc/x86_64-conda_cos6-linux-gnu/7.3.0/crtbeginS.o] ==> ignore
    arg [-L/home/ardigen/anaconda3/envs/tf_gpu/bin/../lib/gcc/x86_64-conda_cos6-linux-gnu/7.3.0] ==> dir [/home/ardigen/anaconda3/envs/tf_gpu/bin/../lib/gcc/x86_64-conda_cos6-linux-gnu/7.3.0]
    arg [-L/home/ardigen/anaconda3/envs/tf_gpu/bin/../lib/gcc] ==> dir [/home/ardigen/anaconda3/envs/tf_gpu/bin/../lib/gcc]
    arg [-L/home/ardigen/anaconda3/envs/tf_gpu/bin/../lib/gcc/x86_64-conda_cos6-linux-gnu/7.3.0/../../../../x86_64-conda_cos6-linux-gnu/lib/../lib] ==> dir [/home/ardigen/anaconda3/envs/tf_gpu/bin/../lib/gcc/x86_64-conda_cos6-linux-gnu/7.3.0/../../../../x86_64-conda_cos6-linux-gnu/lib/../lib]
    arg [-L/home/ardigen/anaconda3/envs/tf_gpu/bin/../x86_64-conda_cos6-linux-gnu/sysroot/lib/../lib] ==> dir [/home/ardigen/anaconda3/envs/tf_gpu/bin/../x86_64-conda_cos6-linux-gnu/sysroot/lib/../lib]
    arg [-L/home/ardigen/anaconda3/envs/tf_gpu/bin/../x86_64-conda_cos6-linux-gnu/sysroot/usr/lib/../lib] ==> dir [/home/ardigen/anaconda3/envs/tf_gpu/bin/../x86_64-conda_cos6-linux-gnu/sysroot/usr/lib/../lib]
    arg [-L/home/ardigen/anaconda3/envs/tf_gpu/bin/../lib/gcc/x86_64-conda_cos6-linux-gnu/7.3.0/../../../../x86_64-conda_cos6-linux-gnu/lib] ==> dir [/home/ardigen/anaconda3/envs/tf_gpu/bin/../lib/gcc/x86_64-conda_cos6-linux-gnu/7.3.0/../../../../x86_64-conda_cos6-linux-gnu/lib]
    arg [-L/home/ardigen/anaconda3/envs/tf_gpu/bin/../x86_64-conda_cos6-linux-gnu/sysroot/lib] ==> dir [/home/ardigen/anaconda3/envs/tf_gpu/bin/../x86_64-conda_cos6-linux-gnu/sysroot/lib]
    arg [-L/home/ardigen/anaconda3/envs/tf_gpu/bin/../x86_64-conda_cos6-linux-gnu/sysroot/usr/lib] ==> dir [/home/ardigen/anaconda3/envs/tf_gpu/bin/../x86_64-conda_cos6-linux-gnu/sysroot/usr/lib]
    arg [-rpath] ==> ignore
    arg [/home/ardigen/anaconda3/envs/tf_gpu/lib] ==> ignore
    arg [-O2] ==> ignore
    arg [--sort-common] ==> ignore
    arg [--as-needed] ==> ignore
    arg [-zrelro] ==> ignore
    arg [-znow] ==> ignore
    arg [--disable-new-dtags] ==> ignore
    arg [CMakeFiles/cmTC_63ee5.dir/CMakeCCompilerABI.c.o] ==> ignore
    arg [-lgcc] ==> lib [gcc]
    arg [--as-needed] ==> ignore
    arg [-lgcc_s] ==> lib [gcc_s]
    arg [--no-as-needed] ==> ignore
    arg [-lc] ==> lib [c]
    arg [-lgcc] ==> lib [gcc]
    arg [--as-needed] ==> ignore
    arg [-lgcc_s] ==> lib [gcc_s]
    arg [--no-as-needed] ==> ignore
    arg [/home/ardigen/anaconda3/envs/tf_gpu/bin/../lib/gcc/x86_64-conda_cos6-linux-gnu/7.3.0/crtendS.o] ==> ignore
    arg [/home/ardigen/anaconda3/envs/tf_gpu/bin/../x86_64-conda_cos6-linux-gnu/sysroot/usr/lib/../lib/crtn.o] ==> ignore
  remove lib [gcc]
  remove lib [gcc_s]
  remove lib [gcc]
  remove lib [gcc_s]
  collapse library dir [/home/ardigen/anaconda3/envs/tf_gpu/bin/../lib/gcc/x86_64-conda_cos6-linux-gnu/7.3.0] ==> [/home/ardigen/anaconda3/envs/tf_gpu/lib/gcc/x86_64-conda_cos6-linux-gnu/7.3.0]
  collapse library dir [/home/ardigen/anaconda3/envs/tf_gpu/bin/../lib/gcc] ==> [/home/ardigen/anaconda3/envs/tf_gpu/lib/gcc]
  collapse library dir [/home/ardigen/anaconda3/envs/tf_gpu/bin/../lib/gcc/x86_64-conda_cos6-linux-gnu/7.3.0/../../../../x86_64-conda_cos6-linux-gnu/lib/../lib] ==> [/home/ardigen/anaconda3/envs/tf_gpu/x86_64-conda_cos6-linux-gnu/lib]
  collapse library dir [/home/ardigen/anaconda3/envs/tf_gpu/bin/../x86_64-conda_cos6-linux-gnu/sysroot/lib/../lib] ==> [/home/ardigen/anaconda3/envs/tf_gpu/x86_64-conda_cos6-linux-gnu/sysroot/lib]
  collapse library dir [/home/ardigen/anaconda3/envs/tf_gpu/bin/../x86_64-conda_cos6-linux-gnu/sysroot/usr/lib/../lib] ==> [/home/ardigen/anaconda3/envs/tf_gpu/x86_64-conda_cos6-linux-gnu/sysroot/usr/lib]
  collapse library dir [/home/ardigen/anaconda3/envs/tf_gpu/bin/../lib/gcc/x86_64-conda_cos6-linux-gnu/7.3.0/../../../../x86_64-conda_cos6-linux-gnu/lib] ==> [/home/ardigen/anaconda3/envs/tf_gpu/x86_64-conda_cos6-linux-gnu/lib]
  collapse library dir [/home/ardigen/anaconda3/envs/tf_gpu/bin/../x86_64-conda_cos6-linux-gnu/sysroot/lib] ==> [/home/ardigen/anaconda3/envs/tf_gpu/x86_64-conda_cos6-linux-gnu/sysroot/lib]
  collapse library dir [/home/ardigen/anaconda3/envs/tf_gpu/bin/../x86_64-conda_cos6-linux-gnu/sysroot/usr/lib] ==> [/home/ardigen/anaconda3/envs/tf_gpu/x86_64-conda_cos6-linux-gnu/sysroot/usr/lib]
  implicit libs: [c]
  implicit dirs: [/home/ardigen/anaconda3/envs/tf_gpu/lib/gcc/x86_64-conda_cos6-linux-gnu/7.3.0;/home/ardigen/anaconda3/envs/tf_gpu/lib/gcc;/home/ardigen/anaconda3/envs/tf_gpu/x86_64-conda_cos6-linux-gnu/lib;/home/ardigen/anaconda3/envs/tf_gpu/x86_64-conda_cos6-linux-gnu/sysroot/lib;/home/ardigen/anaconda3/envs/tf_gpu/x86_64-conda_cos6-linux-gnu/sysroot/usr/lib]
  implicit fwks: []




Detecting C [-std=c11] compiler features compiled with the following output:
Change Dir: /home/ardigen/Documents/gpu/CMakeFiles/CMakeTmp

Run Build Command:"/home/ardigen/anaconda3/envs/tf_gpu/bin/make" "cmTC_210a0/fast"
/home/ardigen/anaconda3/envs/tf_gpu/bin/make -f CMakeFiles/cmTC_210a0.dir/build.make CMakeFiles/cmTC_210a0.dir/build
make[1]: Entering directory '/home/ardigen/Documents/gpu/CMakeFiles/CMakeTmp'
Building C object CMakeFiles/cmTC_210a0.dir/feature_tests.c.o
/home/ardigen/anaconda3/envs/tf_gpu/bin/x86_64-conda_cos6-linux-gnu-cc    -march=nocona -mtune=haswell -ftree-vectorize -fPIC -fstack-protector-strong -fno-plt -O2 -pipe     -std=c11 -o CMakeFiles/cmTC_210a0.dir/feature_tests.c.o   -c /home/ardigen/Documents/gpu/CMakeFiles/feature_tests.c
Linking C executable cmTC_210a0
/usr/bin/cmake -E cmake_link_script CMakeFiles/cmTC_210a0.dir/link.txt --verbose=1
/home/ardigen/anaconda3/envs/tf_gpu/bin/x86_64-conda_cos6-linux-gnu-cc  -march=nocona -mtune=haswell -ftree-vectorize -fPIC -fstack-protector-strong -fno-plt -O2 -pipe     -Wl,-O2 -Wl,--sort-common -Wl,--as-needed -Wl,-z,relro -Wl,-z,now -Wl,--disable-new-dtags  CMakeFiles/cmTC_210a0.dir/feature_tests.c.o  -o cmTC_210a0 -rdynamic 
make[1]: Leaving directory '/home/ardigen/Documents/gpu/CMakeFiles/CMakeTmp'


    Feature record: C_FEATURE:1c_function_prototypes
    Feature record: C_FEATURE:1c_restrict
    Feature record: C_FEATURE:1c_static_assert
    Feature record: C_FEATURE:1c_variadic_macros


Detecting C [-std=c99] compiler features compiled with the following output:
Change Dir: /home/ardigen/Documents/gpu/CMakeFiles/CMakeTmp

Run Build Command:"/home/ardigen/anaconda3/envs/tf_gpu/bin/make" "cmTC_56de8/fast"
/home/ardigen/anaconda3/envs/tf_gpu/bin/make -f CMakeFiles/cmTC_56de8.dir/build.make CMakeFiles/cmTC_56de8.dir/build
make[1]: Entering directory '/home/ardigen/Documents/gpu/CMakeFiles/CMakeTmp'
Building C object CMakeFiles/cmTC_56de8.dir/feature_tests.c.o
/home/ardigen/anaconda3/envs/tf_gpu/bin/x86_64-conda_cos6-linux-gnu-cc    -march=nocona -mtune=haswell -ftree-vectorize -fPIC -fstack-protector-strong -fno-plt -O2 -pipe     -std=c99 -o CMakeFiles/cmTC_56de8.dir/feature_tests.c.o   -c /home/ardigen/Documents/gpu/CMakeFiles/feature_tests.c
Linking C executable cmTC_56de8
/usr/bin/cmake -E cmake_link_script CMakeFiles/cmTC_56de8.dir/link.txt --verbose=1
/home/ardigen/anaconda3/envs/tf_gpu/bin/x86_64-conda_cos6-linux-gnu-cc  -march=nocona -mtune=haswell -ftree-vectorize -fPIC -fstack-protector-strong -fno-plt -O2 -pipe     -Wl,-O2 -Wl,--sort-common -Wl,--as-needed -Wl,-z,relro -Wl,-z,now -Wl,--disable-new-dtags  CMakeFiles/cmTC_56de8.dir/feature_tests.c.o  -o cmTC_56de8 -rdynamic 
make[1]: Leaving directory '/home/ardigen/Documents/gpu/CMakeFiles/CMakeTmp'


    Feature record: C_FEATURE:1c_function_prototypes
    Feature record: C_FEATURE:1c_restrict
    Feature record: C_FEATURE:0c_static_assert
    Feature record: C_FEATURE:1c_variadic_macros


Detecting C [-std=c90] compiler features compiled with the following output:
Change Dir: /home/ardigen/Documents/gpu/CMakeFiles/CMakeTmp

Run Build Command:"/home/ardigen/anaconda3/envs/tf_gpu/bin/make" "cmTC_a8f36/fast"
/home/ardigen/anaconda3/envs/tf_gpu/bin/make -f CMakeFiles/cmTC_a8f36.dir/build.make CMakeFiles/cmTC_a8f36.dir/build
make[1]: Entering directory '/home/ardigen/Documents/gpu/CMakeFiles/CMakeTmp'
Building C object CMakeFiles/cmTC_a8f36.dir/feature_tests.c.o
/home/ardigen/anaconda3/envs/tf_gpu/bin/x86_64-conda_cos6-linux-gnu-cc    -march=nocona -mtune=haswell -ftree-vectorize -fPIC -fstack-protector-strong -fno-plt -O2 -pipe     -std=c90 -o CMakeFiles/cmTC_a8f36.dir/feature_tests.c.o   -c /home/ardigen/Documents/gpu/CMakeFiles/feature_tests.c
Linking C executable cmTC_a8f36
/usr/bin/cmake -E cmake_link_script CMakeFiles/cmTC_a8f36.dir/link.txt --verbose=1
/home/ardigen/anaconda3/envs/tf_gpu/bin/x86_64-conda_cos6-linux-gnu-cc  -march=nocona -mtune=haswell -ftree-vectorize -fPIC -fstack-protector-strong -fno-plt -O2 -pipe     -Wl,-O2 -Wl,--sort-common -Wl,--as-needed -Wl,-z,relro -Wl,-z,now -Wl,--disable-new-dtags  CMakeFiles/cmTC_a8f36.dir/feature_tests.c.o  -o cmTC_a8f36 -rdynamic 
make[1]: Leaving directory '/home/ardigen/Documents/gpu/CMakeFiles/CMakeTmp'


    Feature record: C_FEATURE:1c_function_prototypes
    Feature record: C_FEATURE:0c_restrict
    Feature record: C_FEATURE:0c_static_assert
    Feature record: C_FEATURE:0c_variadic_macros
Determining if the CXX compiler works passed with the following output:
Change Dir: /home/ardigen/Documents/gpu/CMakeFiles/CMakeTmp

Run Build Command:"/home/ardigen/anaconda3/envs/tf_gpu/bin/make" "cmTC_8375e/fast"
/home/ardigen/anaconda3/envs/tf_gpu/bin/make -f CMakeFiles/cmTC_8375e.dir/build.make CMakeFiles/cmTC_8375e.dir/build
make[1]: Entering directory '/home/ardigen/Documents/gpu/CMakeFiles/CMakeTmp'
Building CXX object CMakeFiles/cmTC_8375e.dir/testCXXCompiler.cxx.o
/home/ardigen/anaconda3/envs/tf_gpu/bin/x86_64-conda_cos6-linux-gnu-c++     -fvisibility-inlines-hidden -std=c++17 -fmessage-length=0 -march=nocona -mtune=haswell -ftree-vectorize -fPIC -fstack-protector-strong -fno-plt -O2 -pipe     -o CMakeFiles/cmTC_8375e.dir/testCXXCompiler.cxx.o -c /home/ardigen/Documents/gpu/CMakeFiles/CMakeTmp/testCXXCompiler.cxx
Linking CXX executable cmTC_8375e
/usr/bin/cmake -E cmake_link_script CMakeFiles/cmTC_8375e.dir/link.txt --verbose=1
/home/ardigen/anaconda3/envs/tf_gpu/bin/x86_64-conda_cos6-linux-gnu-c++   -fvisibility-inlines-hidden -std=c++17 -fmessage-length=0 -march=nocona -mtune=haswell -ftree-vectorize -fPIC -fstack-protector-strong -fno-plt -O2 -pipe     -Wl,-O2 -Wl,--sort-common -Wl,--as-needed -Wl,-z,relro -Wl,-z,now -Wl,--disable-new-dtags  CMakeFiles/cmTC_8375e.dir/testCXXCompiler.cxx.o  -o cmTC_8375e -rdynamic 
make[1]: Leaving directory '/home/ardigen/Documents/gpu/CMakeFiles/CMakeTmp'


Detecting CXX compiler ABI info compiled with the following output:
Change Dir: /home/ardigen/Documents/gpu/CMakeFiles/CMakeTmp

Run Build Command:"/home/ardigen/anaconda3/envs/tf_gpu/bin/make" "cmTC_3c3c7/fast"
/home/ardigen/anaconda3/envs/tf_gpu/bin/make -f CMakeFiles/cmTC_3c3c7.dir/build.make CMakeFiles/cmTC_3c3c7.dir/build
make[1]: Entering directory '/home/ardigen/Documents/gpu/CMakeFiles/CMakeTmp'
Building CXX object CMakeFiles/cmTC_3c3c7.dir/CMakeCXXCompilerABI.cpp.o
/home/ardigen/anaconda3/envs/tf_gpu/bin/x86_64-conda_cos6-linux-gnu-c++     -fvisibility-inlines-hidden -std=c++17 -fmessage-length=0 -march=nocona -mtune=haswell -ftree-vectorize -fPIC -fstack-protector-strong -fno-plt -O2 -pipe     -o CMakeFiles/cmTC_3c3c7.dir/CMakeCXXCompilerABI.cpp.o -c /usr/share/cmake-3.5/Modules/CMakeCXXCompilerABI.cpp
Linking CXX executable cmTC_3c3c7
/usr/bin/cmake -E cmake_link_script CMakeFiles/cmTC_3c3c7.dir/link.txt --verbose=1
/home/ardigen/anaconda3/envs/tf_gpu/bin/x86_64-conda_cos6-linux-gnu-c++   -fvisibility-inlines-hidden -std=c++17 -fmessage-length=0 -march=nocona -mtune=haswell -ftree-vectorize -fPIC -fstack-protector-strong -fno-plt -O2 -pipe     -Wl,-O2 -Wl,--sort-common -Wl,--as-needed -Wl,-z,relro -Wl,-z,now -Wl,--disable-new-dtags -v CMakeFiles/cmTC_3c3c7.dir/CMakeCXXCompilerABI.cpp.o  -o cmTC_3c3c7 -rdynamic  
Reading specs from /home/ardigen/anaconda3/envs/tf_gpu/bin/../lib/gcc/x86_64-conda_cos6-linux-gnu/7.3.0/specs
COLLECT_GCC=/home/ardigen/anaconda3/envs/tf_gpu/bin/x86_64-conda_cos6-linux-gnu-c++
COLLECT_LTO_WRAPPER=/home/ardigen/anaconda3/envs/tf_gpu/bin/../libexec/gcc/x86_64-conda_cos6-linux-gnu/7.3.0/lto-wrapper
Target: x86_64-conda_cos6-linux-gnu
Configured with: /home/rdonnelly/mc/conda-bld/compilers_linux-64_1534865402226/work/.build/x86_64-conda_cos6-linux-gnu/src/gcc/configure --build=x86_64-build_pc-linux-gnu --host=x86_64-build_pc-linux-gnu --target=x86_64-conda_cos6-linux-gnu --prefix=/home/rdonnelly/mc/conda-bld/compilers_linux-64_1534865402226/work/gcc_built --with-sysroot=/home/rdonnelly/mc/conda-bld/compilers_linux-64_1534865402226/work/gcc_built/x86_64-conda_cos6-linux-gnu/sysroot --enable-languages=c,c++,fortran,objc,obj-c++ --with-pkgversion='crosstool-NG 1.23.0.449-a04d0' --enable-__cxa_atexit --disable-libmudflap --enable-libgomp --disable-libssp --enable-libquadmath --enable-libquadmath-support --enable-libsanitizer --enable-libmpx --with-gmp=/home/rdonnelly/mc/conda-bld/compilers_linux-64_1534865402226/work/.build/x86_64-conda_cos6-linux-gnu/buildtools --with-mpfr=/home/rdonnelly/mc/conda-bld/compilers_linux-64_1534865402226/work/.build/x86_64-conda_cos6-linux-gnu/buildtools --with-mpc=/home/rdonnelly/mc/conda-bld/compilers_linux-64_1534865402226/work/.build/x86_64-conda_cos6-linux-gnu/buildtools --with-isl=/home/rdonnelly/mc/conda-bld/compilers_linux-64_1534865402226/work/.build/x86_64-conda_cos6-linux-gnu/buildtools --enable-lto --enable-threads=posix --enable-target-optspace --enable-plugin --enable-gold --disable-nls --disable-multilib --with-local-prefix=/home/rdonnelly/mc/conda-bld/compilers_linux-64_1534865402226/work/gcc_built/x86_64-conda_cos6-linux-gnu/sysroot --enable-long-long --enable-default-pie
Thread model: posix
gcc version 7.3.0 (crosstool-NG 1.23.0.449-a04d0) 
COMPILER_PATH=/home/ardigen/anaconda3/envs/tf_gpu/bin/../libexec/gcc/x86_64-conda_cos6-linux-gnu/7.3.0/:/home/ardigen/anaconda3/envs/tf_gpu/bin/../libexec/gcc/:/home/ardigen/anaconda3/envs/tf_gpu/bin/../lib/gcc/x86_64-conda_cos6-linux-gnu/7.3.0/../../../../x86_64-conda_cos6-linux-gnu/bin/
LIBRARY_PATH=/home/ardigen/anaconda3/envs/tf_gpu/bin/../lib/gcc/x86_64-conda_cos6-linux-gnu/7.3.0/:/home/ardigen/anaconda3/envs/tf_gpu/bin/../lib/gcc/:/home/ardigen/anaconda3/envs/tf_gpu/bin/../lib/gcc/x86_64-conda_cos6-linux-gnu/7.3.0/../../../../x86_64-conda_cos6-linux-gnu/lib/../lib/:/home/ardigen/anaconda3/envs/tf_gpu/bin/../x86_64-conda_cos6-linux-gnu/sysroot/lib/../lib/:/home/ardigen/anaconda3/envs/tf_gpu/bin/../x86_64-conda_cos6-linux-gnu/sysroot/usr/lib/../lib/:/home/ardigen/anaconda3/envs/tf_gpu/bin/../lib/gcc/x86_64-conda_cos6-linux-gnu/7.3.0/../../../../x86_64-conda_cos6-linux-gnu/lib/:/home/ardigen/anaconda3/envs/tf_gpu/bin/../x86_64-conda_cos6-linux-gnu/sysroot/lib/:/home/ardigen/anaconda3/envs/tf_gpu/bin/../x86_64-conda_cos6-linux-gnu/sysroot/usr/lib/
COLLECT_GCC_OPTIONS='-fvisibility-inlines-hidden' '-std=c++1z' '-fmessage-length=0' '-march=nocona' '-mtune=haswell' '-ftree-vectorize' '-fPIC' '-fstack-protector-strong' '-fno-plt' '-O2' '-pipe' '-v' '-o' 'cmTC_3c3c7' '-rdynamic' '-shared-libgcc'
 /home/ardigen/anaconda3/envs/tf_gpu/bin/../libexec/gcc/x86_64-conda_cos6-linux-gnu/7.3.0/collect2 -plugin /home/ardigen/anaconda3/envs/tf_gpu/bin/../libexec/gcc/x86_64-conda_cos6-linux-gnu/7.3.0/liblto_plugin.so -plugin-opt=/home/ardigen/anaconda3/envs/tf_gpu/bin/../libexec/gcc/x86_64-conda_cos6-linux-gnu/7.3.0/lto-wrapper -plugin-opt=-fresolution=/tmp/ccvB1JEN.res -plugin-opt=-pass-through=-lgcc_s -plugin-opt=-pass-through=-lgcc -plugin-opt=-pass-through=-lc -plugin-opt=-pass-through=-lgcc_s -plugin-opt=-pass-through=-lgcc --sysroot=/home/ardigen/anaconda3/envs/tf_gpu/bin/../x86_64-conda_cos6-linux-gnu/sysroot --eh-frame-hdr -m elf_x86_64 -export-dynamic -dynamic-linker /lib64/ld-linux-x86-64.so.2 -pie -o cmTC_3c3c7 /home/ardigen/anaconda3/envs/tf_gpu/bin/../x86_64-conda_cos6-linux-gnu/sysroot/usr/lib/../lib/Scrt1.o /home/ardigen/anaconda3/envs/tf_gpu/bin/../x86_64-conda_cos6-linux-gnu/sysroot/usr/lib/../lib/crti.o /home/ardigen/anaconda3/envs/tf_gpu/bin/../lib/gcc/x86_64-conda_cos6-linux-gnu/7.3.0/crtbeginS.o -L/home/ardigen/anaconda3/envs/tf_gpu/bin/../lib/gcc/x86_64-conda_cos6-linux-gnu/7.3.0 -L/home/ardigen/anaconda3/envs/tf_gpu/bin/../lib/gcc -L/home/ardigen/anaconda3/envs/tf_gpu/bin/../lib/gcc/x86_64-conda_cos6-linux-gnu/7.3.0/../../../../x86_64-conda_cos6-linux-gnu/lib/../lib -L/home/ardigen/anaconda3/envs/tf_gpu/bin/../x86_64-conda_cos6-linux-gnu/sysroot/lib/../lib -L/home/ardigen/anaconda3/envs/tf_gpu/bin/../x86_64-conda_cos6-linux-gnu/sysroot/usr/lib/../lib -L/home/ardigen/anaconda3/envs/tf_gpu/bin/../lib/gcc/x86_64-conda_cos6-linux-gnu/7.3.0/../../../../x86_64-conda_cos6-linux-gnu/lib -L/home/ardigen/anaconda3/envs/tf_gpu/bin/../x86_64-conda_cos6-linux-gnu/sysroot/lib -L/home/ardigen/anaconda3/envs/tf_gpu/bin/../x86_64-conda_cos6-linux-gnu/sysroot/usr/lib -rpath /home/ardigen/anaconda3/envs/tf_gpu/lib -O2 --sort-common --as-needed -z relro -z now --disable-new-dtags CMakeFiles/cmTC_3c3c7.dir/CMakeCXXCompilerABI.cpp.o -lstdc++ -lm -lgcc_s -lgcc -lc -lgcc_s -lgcc /home/ardigen/anaconda3/envs/tf_gpu/bin/../lib/gcc/x86_64-conda_cos6-linux-gnu/7.3.0/crtendS.o /home/ardigen/anaconda3/envs/tf_gpu/bin/../x86_64-conda_cos6-linux-gnu/sysroot/usr/lib/../lib/crtn.o
COLLECT_GCC_OPTIONS='-fvisibility-inlines-hidden' '-std=c++1z' '-fmessage-length=0' '-march=nocona' '-mtune=haswell' '-ftree-vectorize' '-fPIC' '-fstack-protector-strong' '-fno-plt' '-O2' '-pipe' '-v' '-o' 'cmTC_3c3c7' '-rdynamic' '-shared-libgcc'
make[1]: Leaving directory '/home/ardigen/Documents/gpu/CMakeFiles/CMakeTmp'


Parsed CXX implicit link information from above output:
  link line regex: [^( *|.*[/\])(ld|([^/\]+-)?ld|collect2)[^/\]*( |$)]
  ignore line: [Change Dir: /home/ardigen/Documents/gpu/CMakeFiles/CMakeTmp]
  ignore line: []
  ignore line: [Run Build Command:"/home/ardigen/anaconda3/envs/tf_gpu/bin/make" "cmTC_3c3c7/fast"]
  ignore line: [/home/ardigen/anaconda3/envs/tf_gpu/bin/make -f CMakeFiles/cmTC_3c3c7.dir/build.make CMakeFiles/cmTC_3c3c7.dir/build]
  ignore line: [make[1]: Entering directory '/home/ardigen/Documents/gpu/CMakeFiles/CMakeTmp']
  ignore line: [Building CXX object CMakeFiles/cmTC_3c3c7.dir/CMakeCXXCompilerABI.cpp.o]
  ignore line: [/home/ardigen/anaconda3/envs/tf_gpu/bin/x86_64-conda_cos6-linux-gnu-c++     -fvisibility-inlines-hidden -std=c++17 -fmessage-length=0 -march=nocona -mtune=haswell -ftree-vectorize -fPIC -fstack-protector-strong -fno-plt -O2 -pipe     -o CMakeFiles/cmTC_3c3c7.dir/CMakeCXXCompilerABI.cpp.o -c /usr/share/cmake-3.5/Modules/CMakeCXXCompilerABI.cpp]
  ignore line: [Linking CXX executable cmTC_3c3c7]
  ignore line: [/usr/bin/cmake -E cmake_link_script CMakeFiles/cmTC_3c3c7.dir/link.txt --verbose=1]
  ignore line: [/home/ardigen/anaconda3/envs/tf_gpu/bin/x86_64-conda_cos6-linux-gnu-c++   -fvisibility-inlines-hidden -std=c++17 -fmessage-length=0 -march=nocona -mtune=haswell -ftree-vectorize -fPIC -fstack-protector-strong -fno-plt -O2 -pipe     -Wl,-O2 -Wl,--sort-common -Wl,--as-needed -Wl,-z,relro -Wl,-z,now -Wl,--disable-new-dtags -v CMakeFiles/cmTC_3c3c7.dir/CMakeCXXCompilerABI.cpp.o  -o cmTC_3c3c7 -rdynamic  ]
  ignore line: [Reading specs from /home/ardigen/anaconda3/envs/tf_gpu/bin/../lib/gcc/x86_64-conda_cos6-linux-gnu/7.3.0/specs]
  ignore line: [COLLECT_GCC=/home/ardigen/anaconda3/envs/tf_gpu/bin/x86_64-conda_cos6-linux-gnu-c++]
  ignore line: [COLLECT_LTO_WRAPPER=/home/ardigen/anaconda3/envs/tf_gpu/bin/../libexec/gcc/x86_64-conda_cos6-linux-gnu/7.3.0/lto-wrapper]
  ignore line: [Target: x86_64-conda_cos6-linux-gnu]
  ignore line: [Configured with: /home/rdonnelly/mc/conda-bld/compilers_linux-64_1534865402226/work/.build/x86_64-conda_cos6-linux-gnu/src/gcc/configure --build=x86_64-build_pc-linux-gnu --host=x86_64-build_pc-linux-gnu --target=x86_64-conda_cos6-linux-gnu --prefix=/home/rdonnelly/mc/conda-bld/compilers_linux-64_1534865402226/work/gcc_built --with-sysroot=/home/rdonnelly/mc/conda-bld/compilers_linux-64_1534865402226/work/gcc_built/x86_64-conda_cos6-linux-gnu/sysroot --enable-languages=c,c++,fortran,objc,obj-c++ --with-pkgversion='crosstool-NG 1.23.0.449-a04d0' --enable-__cxa_atexit --disable-libmudflap --enable-libgomp --disable-libssp --enable-libquadmath --enable-libquadmath-support --enable-libsanitizer --enable-libmpx --with-gmp=/home/rdonnelly/mc/conda-bld/compilers_linux-64_1534865402226/work/.build/x86_64-conda_cos6-linux-gnu/buildtools --with-mpfr=/home/rdonnelly/mc/conda-bld/compilers_linux-64_1534865402226/work/.build/x86_64-conda_cos6-linux-gnu/buildtools --with-mpc=/home/rdonnelly/mc/conda-bld/compilers_linux-64_1534865402226/work/.build/x86_64-conda_cos6-linux-gnu/buildtools --with-isl=/home/rdonnelly/mc/conda-bld/compilers_linux-64_1534865402226/work/.build/x86_64-conda_cos6-linux-gnu/buildtools --enable-lto --enable-threads=posix --enable-target-optspace --enable-plugin --enable-gold --disable-nls --disable-multilib --with-local-prefix=/home/rdonnelly/mc/conda-bld/compilers_linux-64_1534865402226/work/gcc_built/x86_64-conda_cos6-linux-gnu/sysroot --enable-long-long --enable-default-pie]
  ignore line: [Thread model: posix]
  ignore line: [gcc version 7.3.0 (crosstool-NG 1.23.0.449-a04d0) ]
  ignore line: [COMPILER_PATH=/home/ardigen/anaconda3/envs/tf_gpu/bin/../libexec/gcc/x86_64-conda_cos6-linux-gnu/7.3.0/:/home/ardigen/anaconda3/envs/tf_gpu/bin/../libexec/gcc/:/home/ardigen/anaconda3/envs/tf_gpu/bin/../lib/gcc/x86_64-conda_cos6-linux-gnu/7.3.0/../../../../x86_64-conda_cos6-linux-gnu/bin/]
  ignore line: [LIBRARY_PATH=/home/ardigen/anaconda3/envs/tf_gpu/bin/../lib/gcc/x86_64-conda_cos6-linux-gnu/7.3.0/:/home/ardigen/anaconda3/envs/tf_gpu/bin/../lib/gcc/:/home/ardigen/anaconda3/envs/tf_gpu/bin/../lib/gcc/x86_64-conda_cos6-linux-gnu/7.3.0/../../../../x86_64-conda_cos6-linux-gnu/lib/../lib/:/home/ardigen/anaconda3/envs/tf_gpu/bin/../x86_64-conda_cos6-linux-gnu/sysroot/lib/../lib/:/home/ardigen/anaconda3/envs/tf_gpu/bin/../x86_64-conda_cos6-linux-gnu/sysroot/usr/lib/../lib/:/home/ardigen/anaconda3/envs/tf_gpu/bin/../lib/gcc/x86_64-conda_cos6-linux-gnu/7.3.0/../../../../x86_64-conda_cos6-linux-gnu/lib/:/home/ardigen/anaconda3/envs/tf_gpu/bin/../x86_64-conda_cos6-linux-gnu/sysroot/lib/:/home/ardigen/anaconda3/envs/tf_gpu/bin/../x86_64-conda_cos6-linux-gnu/sysroot/usr/lib/]
  ignore line: [COLLECT_GCC_OPTIONS='-fvisibility-inlines-hidden' '-std=c++1z' '-fmessage-length=0' '-march=nocona' '-mtune=haswell' '-ftree-vectorize' '-fPIC' '-fstack-protector-strong' '-fno-plt' '-O2' '-pipe' '-v' '-o' 'cmTC_3c3c7' '-rdynamic' '-shared-libgcc']
  link line: [ /home/ardigen/anaconda3/envs/tf_gpu/bin/../libexec/gcc/x86_64-conda_cos6-linux-gnu/7.3.0/collect2 -plugin /home/ardigen/anaconda3/envs/tf_gpu/bin/../libexec/gcc/x86_64-conda_cos6-linux-gnu/7.3.0/liblto_plugin.so -plugin-opt=/home/ardigen/anaconda3/envs/tf_gpu/bin/../libexec/gcc/x86_64-conda_cos6-linux-gnu/7.3.0/lto-wrapper -plugin-opt=-fresolution=/tmp/ccvB1JEN.res -plugin-opt=-pass-through=-lgcc_s -plugin-opt=-pass-through=-lgcc -plugin-opt=-pass-through=-lc -plugin-opt=-pass-through=-lgcc_s -plugin-opt=-pass-through=-lgcc --sysroot=/home/ardigen/anaconda3/envs/tf_gpu/bin/../x86_64-conda_cos6-linux-gnu/sysroot --eh-frame-hdr -m elf_x86_64 -export-dynamic -dynamic-linker /lib64/ld-linux-x86-64.so.2 -pie -o cmTC_3c3c7 /home/ardigen/anaconda3/envs/tf_gpu/bin/../x86_64-conda_cos6-linux-gnu/sysroot/usr/lib/../lib/Scrt1.o /home/ardigen/anaconda3/envs/tf_gpu/bin/../x86_64-conda_cos6-linux-gnu/sysroot/usr/lib/../lib/crti.o /home/ardigen/anaconda3/envs/tf_gpu/bin/../lib/gcc/x86_64-conda_cos6-linux-gnu/7.3.0/crtbeginS.o -L/home/ardigen/anaconda3/envs/tf_gpu/bin/../lib/gcc/x86_64-conda_cos6-linux-gnu/7.3.0 -L/home/ardigen/anaconda3/envs/tf_gpu/bin/../lib/gcc -L/home/ardigen/anaconda3/envs/tf_gpu/bin/../lib/gcc/x86_64-conda_cos6-linux-gnu/7.3.0/../../../../x86_64-conda_cos6-linux-gnu/lib/../lib -L/home/ardigen/anaconda3/envs/tf_gpu/bin/../x86_64-conda_cos6-linux-gnu/sysroot/lib/../lib -L/home/ardigen/anaconda3/envs/tf_gpu/bin/../x86_64-conda_cos6-linux-gnu/sysroot/usr/lib/../lib -L/home/ardigen/anaconda3/envs/tf_gpu/bin/../lib/gcc/x86_64-conda_cos6-linux-gnu/7.3.0/../../../../x86_64-conda_cos6-linux-gnu/lib -L/home/ardigen/anaconda3/envs/tf_gpu/bin/../x86_64-conda_cos6-linux-gnu/sysroot/lib -L/home/ardigen/anaconda3/envs/tf_gpu/bin/../x86_64-conda_cos6-linux-gnu/sysroot/usr/lib -rpath /home/ardigen/anaconda3/envs/tf_gpu/lib -O2 --sort-common --as-needed -z relro -z now --disable-new-dtags CMakeFiles/cmTC_3c3c7.dir/CMakeCXXCompilerABI.cpp.o -lstdc++ -lm -lgcc_s -lgcc -lc -lgcc_s -lgcc /home/ardigen/anaconda3/envs/tf_gpu/bin/../lib/gcc/x86_64-conda_cos6-linux-gnu/7.3.0/crtendS.o /home/ardigen/anaconda3/envs/tf_gpu/bin/../x86_64-conda_cos6-linux-gnu/sysroot/usr/lib/../lib/crtn.o]
    arg [/home/ardigen/anaconda3/envs/tf_gpu/bin/../libexec/gcc/x86_64-conda_cos6-linux-gnu/7.3.0/collect2] ==> ignore
    arg [-plugin] ==> ignore
    arg [/home/ardigen/anaconda3/envs/tf_gpu/bin/../libexec/gcc/x86_64-conda_cos6-linux-gnu/7.3.0/liblto_plugin.so] ==> ignore
    arg [-plugin-opt=/home/ardigen/anaconda3/envs/tf_gpu/bin/../libexec/gcc/x86_64-conda_cos6-linux-gnu/7.3.0/lto-wrapper] ==> ignore
    arg [-plugin-opt=-fresolution=/tmp/ccvB1JEN.res] ==> ignore
    arg [-plugin-opt=-pass-through=-lgcc_s] ==> ignore
    arg [-plugin-opt=-pass-through=-lgcc] ==> ignore
    arg [-plugin-opt=-pass-through=-lc] ==> ignore
    arg [-plugin-opt=-pass-through=-lgcc_s] ==> ignore
    arg [-plugin-opt=-pass-through=-lgcc] ==> ignore
    arg [--sysroot=/home/ardigen/anaconda3/envs/tf_gpu/bin/../x86_64-conda_cos6-linux-gnu/sysroot] ==> ignore
    arg [--eh-frame-hdr] ==> ignore
    arg [-m] ==> ignore
    arg [elf_x86_64] ==> ignore
    arg [-export-dynamic] ==> ignore
    arg [-dynamic-linker] ==> ignore
    arg [/lib64/ld-linux-x86-64.so.2] ==> ignore
    arg [-pie] ==> ignore
    arg [-o] ==> ignore
    arg [cmTC_3c3c7] ==> ignore
    arg [/home/ardigen/anaconda3/envs/tf_gpu/bin/../x86_64-conda_cos6-linux-gnu/sysroot/usr/lib/../lib/Scrt1.o] ==> ignore
    arg [/home/ardigen/anaconda3/envs/tf_gpu/bin/../x86_64-conda_cos6-linux-gnu/sysroot/usr/lib/../lib/crti.o] ==> ignore
    arg [/home/ardigen/anaconda3/envs/tf_gpu/bin/../lib/gcc/x86_64-conda_cos6-linux-gnu/7.3.0/crtbeginS.o] ==> ignore
    arg [-L/home/ardigen/anaconda3/envs/tf_gpu/bin/../lib/gcc/x86_64-conda_cos6-linux-gnu/7.3.0] ==> dir [/home/ardigen/anaconda3/envs/tf_gpu/bin/../lib/gcc/x86_64-conda_cos6-linux-gnu/7.3.0]
    arg [-L/home/ardigen/anaconda3/envs/tf_gpu/bin/../lib/gcc] ==> dir [/home/ardigen/anaconda3/envs/tf_gpu/bin/../lib/gcc]
    arg [-L/home/ardigen/anaconda3/envs/tf_gpu/bin/../lib/gcc/x86_64-conda_cos6-linux-gnu/7.3.0/../../../../x86_64-conda_cos6-linux-gnu/lib/../lib] ==> dir [/home/ardigen/anaconda3/envs/tf_gpu/bin/../lib/gcc/x86_64-conda_cos6-linux-gnu/7.3.0/../../../../x86_64-conda_cos6-linux-gnu/lib/../lib]
    arg [-L/home/ardigen/anaconda3/envs/tf_gpu/bin/../x86_64-conda_cos6-linux-gnu/sysroot/lib/../lib] ==> dir [/home/ardigen/anaconda3/envs/tf_gpu/bin/../x86_64-conda_cos6-linux-gnu/sysroot/lib/../lib]
    arg [-L/home/ardigen/anaconda3/envs/tf_gpu/bin/../x86_64-conda_cos6-linux-gnu/sysroot/usr/lib/../lib] ==> dir [/home/ardigen/anaconda3/envs/tf_gpu/bin/../x86_64-conda_cos6-linux-gnu/sysroot/usr/lib/../lib]
    arg [-L/home/ardigen/anaconda3/envs/tf_gpu/bin/../lib/gcc/x86_64-conda_cos6-linux-gnu/7.3.0/../../../../x86_64-conda_cos6-linux-gnu/lib] ==> dir [/home/ardigen/anaconda3/envs/tf_gpu/bin/../lib/gcc/x86_64-conda_cos6-linux-gnu/7.3.0/../../../../x86_64-conda_cos6-linux-gnu/lib]
    arg [-L/home/ardigen/anaconda3/envs/tf_gpu/bin/../x86_64-conda_cos6-linux-gnu/sysroot/lib] ==> dir [/home/ardigen/anaconda3/envs/tf_gpu/bin/../x86_64-conda_cos6-linux-gnu/sysroot/lib]
    arg [-L/home/ardigen/anaconda3/envs/tf_gpu/bin/../x86_64-conda_cos6-linux-gnu/sysroot/usr/lib] ==> dir [/home/ardigen/anaconda3/envs/tf_gpu/bin/../x86_64-conda_cos6-linux-gnu/sysroot/usr/lib]
    arg [-rpath] ==> ignore
    arg [/home/ardigen/anaconda3/envs/tf_gpu/lib] ==> ignore
    arg [-O2] ==> ignore
    arg [--sort-common] ==> ignore
    arg [--as-needed] ==> ignore
    arg [-zrelro] ==> ignore
    arg [-znow] ==> ignore
    arg [--disable-new-dtags] ==> ignore
    arg [CMakeFiles/cmTC_3c3c7.dir/CMakeCXXCompilerABI.cpp.o] ==> ignore
    arg [-lstdc++] ==> lib [stdc++]
    arg [-lm] ==> lib [m]
    arg [-lgcc_s] ==> lib [gcc_s]
    arg [-lgcc] ==> lib [gcc]
    arg [-lc] ==> lib [c]
    arg [-lgcc_s] ==> lib [gcc_s]
    arg [-lgcc] ==> lib [gcc]
    arg [/home/ardigen/anaconda3/envs/tf_gpu/bin/../lib/gcc/x86_64-conda_cos6-linux-gnu/7.3.0/crtendS.o] ==> ignore
    arg [/home/ardigen/anaconda3/envs/tf_gpu/bin/../x86_64-conda_cos6-linux-gnu/sysroot/usr/lib/../lib/crtn.o] ==> ignore
  remove lib [gcc_s]
  remove lib [gcc]
  remove lib [gcc_s]
  remove lib [gcc]
  collapse library dir [/home/ardigen/anaconda3/envs/tf_gpu/bin/../lib/gcc/x86_64-conda_cos6-linux-gnu/7.3.0] ==> [/home/ardigen/anaconda3/envs/tf_gpu/lib/gcc/x86_64-conda_cos6-linux-gnu/7.3.0]
  collapse library dir [/home/ardigen/anaconda3/envs/tf_gpu/bin/../lib/gcc] ==> [/home/ardigen/anaconda3/envs/tf_gpu/lib/gcc]
  collapse library dir [/home/ardigen/anaconda3/envs/tf_gpu/bin/../lib/gcc/x86_64-conda_cos6-linux-gnu/7.3.0/../../../../x86_64-conda_cos6-linux-gnu/lib/../lib] ==> [/home/ardigen/anaconda3/envs/tf_gpu/x86_64-conda_cos6-linux-gnu/lib]
  collapse library dir [/home/ardigen/anaconda3/envs/tf_gpu/bin/../x86_64-conda_cos6-linux-gnu/sysroot/lib/../lib] ==> [/home/ardigen/anaconda3/envs/tf_gpu/x86_64-conda_cos6-linux-gnu/sysroot/lib]
  collapse library dir [/home/ardigen/anaconda3/envs/tf_gpu/bin/../x86_64-conda_cos6-linux-gnu/sysroot/usr/lib/../lib] ==> [/home/ardigen/anaconda3/envs/tf_gpu/x86_64-conda_cos6-linux-gnu/sysroot/usr/lib]
  collapse library dir [/home/ardigen/anaconda3/envs/tf_gpu/bin/../lib/gcc/x86_64-conda_cos6-linux-gnu/7.3.0/../../../../x86_64-conda_cos6-linux-gnu/lib] ==> [/home/ardigen/anaconda3/envs/tf_gpu/x86_64-conda_cos6-linux-gnu/lib]
  collapse library dir [/home/ardigen/anaconda3/envs/tf_gpu/bin/../x86_64-conda_cos6-linux-gnu/sysroot/lib] ==> [/home/ardigen/anaconda3/envs/tf_gpu/x86_64-conda_cos6-linux-gnu/sysroot/lib]
  collapse library dir [/home/ardigen/anaconda3/envs/tf_gpu/bin/../x86_64-conda_cos6-linux-gnu/sysroot/usr/lib] ==> [/home/ardigen/anaconda3/envs/tf_gpu/x86_64-conda_cos6-linux-gnu/sysroot/usr/lib]
  implicit libs: [stdc++;m;c]
  implicit dirs: [/home/ardigen/anaconda3/envs/tf_gpu/lib/gcc/x86_64-conda_cos6-linux-gnu/7.3.0;/home/ardigen/anaconda3/envs/tf_gpu/lib/gcc;/home/ardigen/anaconda3/envs/tf_gpu/x86_64-conda_cos6-linux-gnu/lib;/home/ardigen/anaconda3/envs/tf_gpu/x86_64-conda_cos6-linux-gnu/sysroot/lib;/home/ardigen/anaconda3/envs/tf_gpu/x86_64-conda_cos6-linux-gnu/sysroot/usr/lib]
  implicit fwks: []




Detecting CXX [-std=c++14] compiler features compiled with the following output:
Change Dir: /home/ardigen/Documents/gpu/CMakeFiles/CMakeTmp

Run Build Command:"/home/ardigen/anaconda3/envs/tf_gpu/bin/make" "cmTC_bd294/fast"
/home/ardigen/anaconda3/envs/tf_gpu/bin/make -f CMakeFiles/cmTC_bd294.dir/build.make CMakeFiles/cmTC_bd294.dir/build
make[1]: Entering directory '/home/ardigen/Documents/gpu/CMakeFiles/CMakeTmp'
Building CXX object CMakeFiles/cmTC_bd294.dir/feature_tests.cxx.o
/home/ardigen/anaconda3/envs/tf_gpu/bin/x86_64-conda_cos6-linux-gnu-c++     -fvisibility-inlines-hidden -std=c++17 -fmessage-length=0 -march=nocona -mtune=haswell -ftree-vectorize -fPIC -fstack-protector-strong -fno-plt -O2 -pipe     -std=c++14 -o CMakeFiles/cmTC_bd294.dir/feature_tests.cxx.o -c /home/ardigen/Documents/gpu/CMakeFiles/feature_tests.cxx
Linking CXX executable cmTC_bd294
/usr/bin/cmake -E cmake_link_script CMakeFiles/cmTC_bd294.dir/link.txt --verbose=1
/home/ardigen/anaconda3/envs/tf_gpu/bin/x86_64-conda_cos6-linux-gnu-c++   -fvisibility-inlines-hidden -std=c++17 -fmessage-length=0 -march=nocona -mtune=haswell -ftree-vectorize -fPIC -fstack-protector-strong -fno-plt -O2 -pipe     -Wl,-O2 -Wl,--sort-common -Wl,--as-needed -Wl,-z,relro -Wl,-z,now -Wl,--disable-new-dtags  CMakeFiles/cmTC_bd294.dir/feature_tests.cxx.o  -o cmTC_bd294 -rdynamic 
make[1]: Leaving directory '/home/ardigen/Documents/gpu/CMakeFiles/CMakeTmp'


    Feature record: CXX_FEATURE:1cxx_aggregate_default_initializers
    Feature record: CXX_FEATURE:1cxx_alias_templates
    Feature record: CXX_FEATURE:1cxx_alignas
    Feature record: CXX_FEATURE:1cxx_alignof
    Feature record: CXX_FEATURE:1cxx_attributes
    Feature record: CXX_FEATURE:1cxx_attribute_deprecated
    Feature record: CXX_FEATURE:1cxx_auto_type
    Feature record: CXX_FEATURE:1cxx_binary_literals
    Feature record: CXX_FEATURE:1cxx_constexpr
    Feature record: CXX_FEATURE:1cxx_contextual_conversions
    Feature record: CXX_FEATURE:1cxx_decltype
    Feature record: CXX_FEATURE:1cxx_decltype_auto
    Feature record: CXX_FEATURE:1cxx_decltype_incomplete_return_types
    Feature record: CXX_FEATURE:1cxx_default_function_template_args
    Feature record: CXX_FEATURE:1cxx_defaulted_functions
    Feature record: CXX_FEATURE:1cxx_defaulted_move_initializers
    Feature record: CXX_FEATURE:1cxx_delegating_constructors
    Feature record: CXX_FEATURE:1cxx_deleted_functions
    Feature record: CXX_FEATURE:1cxx_digit_separators
    Feature record: CXX_FEATURE:1cxx_enum_forward_declarations
    Feature record: CXX_FEATURE:1cxx_explicit_conversions
    Feature record: CXX_FEATURE:1cxx_extended_friend_declarations
    Feature record: CXX_FEATURE:1cxx_extern_templates
    Feature record: CXX_FEATURE:1cxx_final
    Feature record: CXX_FEATURE:1cxx_func_identifier
    Feature record: CXX_FEATURE:1cxx_generalized_initializers
    Feature record: CXX_FEATURE:1cxx_generic_lambdas
    Feature record: CXX_FEATURE:1cxx_inheriting_constructors
    Feature record: CXX_FEATURE:1cxx_inline_namespaces
    Feature record: CXX_FEATURE:1cxx_lambdas
    Feature record: CXX_FEATURE:1cxx_lambda_init_captures
    Feature record: CXX_FEATURE:1cxx_local_type_template_args
    Feature record: CXX_FEATURE:1cxx_long_long_type
    Feature record: CXX_FEATURE:1cxx_noexcept
    Feature record: CXX_FEATURE:1cxx_nonstatic_member_init
    Feature record: CXX_FEATURE:1cxx_nullptr
    Feature record: CXX_FEATURE:1cxx_override
    Feature record: CXX_FEATURE:1cxx_range_for
    Feature record: CXX_FEATURE:1cxx_raw_string_literals
    Feature record: CXX_FEATURE:1cxx_reference_qualified_functions
    Feature record: CXX_FEATURE:1cxx_relaxed_constexpr
    Feature record: CXX_FEATURE:1cxx_return_type_deduction
    Feature record: CXX_FEATURE:1cxx_right_angle_brackets
    Feature record: CXX_FEATURE:1cxx_rvalue_references
    Feature record: CXX_FEATURE:1cxx_sizeof_member
    Feature record: CXX_FEATURE:1cxx_static_assert
    Feature record: CXX_FEATURE:1cxx_strong_enums
    Feature record: CXX_FEATURE:1cxx_template_template_parameters
    Feature record: CXX_FEATURE:1cxx_thread_local
    Feature record: CXX_FEATURE:1cxx_trailing_return_types
    Feature record: CXX_FEATURE:1cxx_unicode_literals
    Feature record: CXX_FEATURE:1cxx_uniform_initialization
    Feature record: CXX_FEATURE:1cxx_unrestricted_unions
    Feature record: CXX_FEATURE:1cxx_user_literals
    Feature record: CXX_FEATURE:1cxx_variable_templates
    Feature record: CXX_FEATURE:1cxx_variadic_macros
    Feature record: CXX_FEATURE:1cxx_variadic_templates


Detecting CXX [-std=c++11] compiler features compiled with the following output:
Change Dir: /home/ardigen/Documents/gpu/CMakeFiles/CMakeTmp

Run Build Command:"/home/ardigen/anaconda3/envs/tf_gpu/bin/make" "cmTC_5cb50/fast"
/home/ardigen/anaconda3/envs/tf_gpu/bin/make -f CMakeFiles/cmTC_5cb50.dir/build.make CMakeFiles/cmTC_5cb50.dir/build
make[1]: Entering directory '/home/ardigen/Documents/gpu/CMakeFiles/CMakeTmp'
Building CXX object CMakeFiles/cmTC_5cb50.dir/feature_tests.cxx.o
/home/ardigen/anaconda3/envs/tf_gpu/bin/x86_64-conda_cos6-linux-gnu-c++     -fvisibility-inlines-hidden -std=c++17 -fmessage-length=0 -march=nocona -mtune=haswell -ftree-vectorize -fPIC -fstack-protector-strong -fno-plt -O2 -pipe     -std=c++11 -o CMakeFiles/cmTC_5cb50.dir/feature_tests.cxx.o -c /home/ardigen/Documents/gpu/CMakeFiles/feature_tests.cxx
Linking CXX executable cmTC_5cb50
/usr/bin/cmake -E cmake_link_script CMakeFiles/cmTC_5cb50.dir/link.txt --verbose=1
/home/ardigen/anaconda3/envs/tf_gpu/bin/x86_64-conda_cos6-linux-gnu-c++   -fvisibility-inlines-hidden -std=c++17 -fmessage-length=0 -march=nocona -mtune=haswell -ftree-vectorize -fPIC -fstack-protector-strong -fno-plt -O2 -pipe     -Wl,-O2 -Wl,--sort-common -Wl,--as-needed -Wl,-z,relro -Wl,-z,now -Wl,--disable-new-dtags  CMakeFiles/cmTC_5cb50.dir/feature_tests.cxx.o  -o cmTC_5cb50 -rdynamic 
make[1]: Leaving directory '/home/ardigen/Documents/gpu/CMakeFiles/CMakeTmp'


    Feature record: CXX_FEATURE:0cxx_aggregate_default_initializers
    Feature record: CXX_FEATURE:1cxx_alias_templates
    Feature record: CXX_FEATURE:1cxx_alignas
    Feature record: CXX_FEATURE:1cxx_alignof
    Feature record: CXX_FEATURE:1cxx_attributes
    Feature record: CXX_FEATURE:0cxx_attribute_deprecated
    Feature record: CXX_FEATURE:1cxx_auto_type
    Feature record: CXX_FEATURE:0cxx_binary_literals
    Feature record: CXX_FEATURE:1cxx_constexpr
    Feature record: CXX_FEATURE:0cxx_contextual_conversions
    Feature record: CXX_FEATURE:1cxx_decltype
    Feature record: CXX_FEATURE:0cxx_decltype_auto
    Feature record: CXX_FEATURE:1cxx_decltype_incomplete_return_types
    Feature record: CXX_FEATURE:1cxx_default_function_template_args
    Feature record: CXX_FEATURE:1cxx_defaulted_functions
    Feature record: CXX_FEATURE:1cxx_defaulted_move_initializers
    Feature record: CXX_FEATURE:1cxx_delegating_constructors
    Feature record: CXX_FEATURE:1cxx_deleted_functions
    Feature record: CXX_FEATURE:0cxx_digit_separators
    Feature record: CXX_FEATURE:1cxx_enum_forward_declarations
    Feature record: CXX_FEATURE:1cxx_explicit_conversions
    Feature record: CXX_FEATURE:1cxx_extended_friend_declarations
    Feature record: CXX_FEATURE:1cxx_extern_templates
    Feature record: CXX_FEATURE:1cxx_final
    Feature record: CXX_FEATURE:1cxx_func_identifier
    Feature record: CXX_FEATURE:1cxx_generalized_initializers
    Feature record: CXX_FEATURE:0cxx_generic_lambdas
    Feature record: CXX_FEATURE:1cxx_inheriting_constructors
    Feature record: CXX_FEATURE:1cxx_inline_namespaces
    Feature record: CXX_FEATURE:1cxx_lambdas
    Feature record: CXX_FEATURE:0cxx_lambda_init_captures
    Feature record: CXX_FEATURE:1cxx_local_type_template_args
    Feature record: CXX_FEATURE:1cxx_long_long_type
    Feature record: CXX_FEATURE:1cxx_noexcept
    Feature record: CXX_FEATURE:1cxx_nonstatic_member_init
    Feature record: CXX_FEATURE:1cxx_nullptr
    Feature record: CXX_FEATURE:1cxx_override
    Feature record: CXX_FEATURE:1cxx_range_for
    Feature record: CXX_FEATURE:1cxx_raw_string_literals
    Feature record: CXX_FEATURE:1cxx_reference_qualified_functions
    Feature record: CXX_FEATURE:0cxx_relaxed_constexpr
    Feature record: CXX_FEATURE:0cxx_return_type_deduction
    Feature record: CXX_FEATURE:1cxx_right_angle_brackets
    Feature record: CXX_FEATURE:1cxx_rvalue_references
    Feature record: CXX_FEATURE:1cxx_sizeof_member
    Feature record: CXX_FEATURE:1cxx_static_assert
    Feature record: CXX_FEATURE:1cxx_strong_enums
    Feature record: CXX_FEATURE:1cxx_template_template_parameters
    Feature record: CXX_FEATURE:1cxx_thread_local
    Feature record: CXX_FEATURE:1cxx_trailing_return_types
    Feature record: CXX_FEATURE:1cxx_unicode_literals
    Feature record: CXX_FEATURE:1cxx_uniform_initialization
    Feature record: CXX_FEATURE:1cxx_unrestricted_unions
    Feature record: CXX_FEATURE:1cxx_user_literals
    Feature record: CXX_FEATURE:0cxx_variable_templates
    Feature record: CXX_FEATURE:1cxx_variadic_macros
    Feature record: CXX_FEATURE:1cxx_variadic_templates


Detecting CXX [-std=c++98] compiler features compiled with the following output:
Change Dir: /home/ardigen/Documents/gpu/CMakeFiles/CMakeTmp

Run Build Command:"/home/ardigen/anaconda3/envs/tf_gpu/bin/make" "cmTC_1bd80/fast"
/home/ardigen/anaconda3/envs/tf_gpu/bin/make -f CMakeFiles/cmTC_1bd80.dir/build.make CMakeFiles/cmTC_1bd80.dir/build
make[1]: Entering directory '/home/ardigen/Documents/gpu/CMakeFiles/CMakeTmp'
Building CXX object CMakeFiles/cmTC_1bd80.dir/feature_tests.cxx.o
/home/ardigen/anaconda3/envs/tf_gpu/bin/x86_64-conda_cos6-linux-gnu-c++     -fvisibility-inlines-hidden -std=c++17 -fmessage-length=0 -march=nocona -mtune=haswell -ftree-vectorize -fPIC -fstack-protector-strong -fno-plt -O2 -pipe     -std=c++98 -o CMakeFiles/cmTC_1bd80.dir/feature_tests.cxx.o -c /home/ardigen/Documents/gpu/CMakeFiles/feature_tests.cxx
Linking CXX executable cmTC_1bd80
/usr/bin/cmake -E cmake_link_script CMakeFiles/cmTC_1bd80.dir/link.txt --verbose=1
/home/ardigen/anaconda3/envs/tf_gpu/bin/x86_64-conda_cos6-linux-gnu-c++   -fvisibility-inlines-hidden -std=c++17 -fmessage-length=0 -march=nocona -mtune=haswell -ftree-vectorize -fPIC -fstack-protector-strong -fno-plt -O2 -pipe     -Wl,-O2 -Wl,--sort-common -Wl,--as-needed -Wl,-z,relro -Wl,-z,now -Wl,--disable-new-dtags  CMakeFiles/cmTC_1bd80.dir/feature_tests.cxx.o  -o cmTC_1bd80 -rdynamic 
make[1]: Leaving directory '/home/ardigen/Documents/gpu/CMakeFiles/CMakeTmp'


    Feature record: CXX_FEATURE:0cxx_aggregate_default_initializers
    Feature record: CXX_FEATURE:0cxx_alias_templates
    Feature record: CXX_FEATURE:0cxx_alignas
    Feature record: CXX_FEATURE:0cxx_alignof
    Feature record: CXX_FEATURE:0cxx_attributes
    Feature record: CXX_FEATURE:0cxx_attribute_deprecated
    Feature record: CXX_FEATURE:0cxx_auto_type
    Feature record: CXX_FEATURE:0cxx_binary_literals
    Feature record: CXX_FEATURE:0cxx_constexpr
    Feature record: CXX_FEATURE:0cxx_contextual_conversions
    Feature record: CXX_FEATURE:0cxx_decltype
    Feature record: CXX_FEATURE:0cxx_decltype_auto
    Feature record: CXX_FEATURE:0cxx_decltype_incomplete_return_types
    Feature record: CXX_FEATURE:0cxx_default_function_template_args
    Feature record: CXX_FEATURE:0cxx_defaulted_functions
    Feature record: CXX_FEATURE:0cxx_defaulted_move_initializers
    Feature record: CXX_FEATURE:0cxx_delegating_constructors
    Feature record: CXX_FEATURE:0cxx_deleted_functions
    Feature record: CXX_FEATURE:0cxx_digit_separators
    Feature record: CXX_FEATURE:0cxx_enum_forward_declarations
    Feature record: CXX_FEATURE:0cxx_explicit_conversions
    Feature record: CXX_FEATURE:0cxx_extended_friend_declarations
    Feature record: CXX_FEATURE:0cxx_extern_templates
    Feature record: CXX_FEATURE:0cxx_final
    Feature record: CXX_FEATURE:0cxx_func_identifier
    Feature record: CXX_FEATURE:0cxx_generalized_initializers
    Feature record: CXX_FEATURE:0cxx_generic_lambdas
    Feature record: CXX_FEATURE:0cxx_inheriting_constructors
    Feature record: CXX_FEATURE:0cxx_inline_namespaces
    Feature record: CXX_FEATURE:0cxx_lambdas
    Feature record: CXX_FEATURE:0cxx_lambda_init_captures
    Feature record: CXX_FEATURE:0cxx_local_type_template_args
    Feature record: CXX_FEATURE:0cxx_long_long_type
    Feature record: CXX_FEATURE:0cxx_noexcept
    Feature record: CXX_FEATURE:0cxx_nonstatic_member_init
    Feature record: CXX_FEATURE:0cxx_nullptr
    Feature record: CXX_FEATURE:0cxx_override
    Feature record: CXX_FEATURE:0cxx_range_for
    Feature record: CXX_FEATURE:0cxx_raw_string_literals
    Feature record: CXX_FEATURE:0cxx_reference_qualified_functions
    Feature record: CXX_FEATURE:0cxx_relaxed_constexpr
    Feature record: CXX_FEATURE:0cxx_return_type_deduction
    Feature record: CXX_FEATURE:0cxx_right_angle_brackets
    Feature record: CXX_FEATURE:0cxx_rvalue_references
    Feature record: CXX_FEATURE:0cxx_sizeof_member
    Feature record: CXX_FEATURE:0cxx_static_assert
    Feature record: CXX_FEATURE:0cxx_strong_enums
    Feature record: CXX_FEATURE:1cxx_template_template_parameters
    Feature record: CXX_FEATURE:0cxx_thread_local
    Feature record: CXX_FEATURE:0cxx_trailing_return_types
    Feature record: CXX_FEATURE:0cxx_unicode_literals
    Feature record: CXX_FEATURE:0cxx_uniform_initialization
    Feature record: CXX_FEATURE:0cxx_unrestricted_unions
    Feature record: CXX_FEATURE:0cxx_user_literals
    Feature record: CXX_FEATURE:0cxx_variable_templates
    Feature record: CXX_FEATURE:0cxx_variadic_macros
    Feature record: CXX_FEATURE:0cxx_variadic_templates
